<?xml version="1.0" encoding="UTF-8"?>
<!-- Generated by org.testng.reporters.JUnitReportReporter -->
<testsuite skipped="0" hostname="TGS68" name="SmokeTest.Smoke_Summary_Labor" tests="3" failures="0" timestamp="2021-12-01T10:09:51 IST" time="100.856" errors="0">
  <testcase name="addLabor" time="31.783" classname="SmokeTest.Smoke_Summary_Labor"/>
  <system-out/>
  <testcase name="getLabor" time="6.446" classname="SmokeTest.Smoke_Summary_Labor"/>
  <system-out/>
  <testcase name="verifyCalcLabor" time="62.627" classname="SmokeTest.Smoke_Summary_Labor"/>
  <system-out/>
</testsuite> <!-- SmokeTest.Smoke_Summary_Labor -->
