<?xml version="1.0" encoding="UTF-8"?>
<!-- Generated by org.testng.reporters.JUnitReportReporter -->
<testsuite skipped="0" hostname="TGS68" name="RFQ.RFQ_DocUpload" tests="4" failures="0" timestamp="2021-10-06T11:36:13 IST" time="306.202" errors="0">
  <testcase name="documentUploadSmall" time="71.401" classname="RFQ.RFQ_DocUpload"/>
  <system-out/>
  <testcase name="documentUpload" time="159.955" classname="RFQ.RFQ_DocUpload"/>
  <system-out/>
  <testcase name="documentUploadZip" time="34.826" classname="RFQ.RFQ_DocUpload"/>
  <system-out/>
  <testcase name="documentUploadInvalid" time="40.020" classname="RFQ.RFQ_DocUpload"/>
  <system-out/>
</testsuite> <!-- RFQ.RFQ_DocUpload -->
