<?xml version="1.0" encoding="UTF-8"?>
<!-- Generated by org.testng.reporters.JUnitReportReporter -->
<testsuite skipped="0" hostname="TGS68" name="BidCQ.POAcknowledge" tests="1" failures="0" timestamp="2021-07-21T11:21:59 IST" time="638.855" errors="0">
  <testcase name="altenatePart" time="638.855" classname="BidCQ.POAcknowledge"/>
  <system-out/>
</testsuite> <!-- BidCQ.POAcknowledge -->
