<?xml version="1.0" encoding="UTF-8"?>
<!-- Generated by org.testng.reporters.JUnitReportReporter -->
<testsuite skipped="0" hostname="TGS68" name="QuoteCQ.ImportBOM" tests="1" failures="0" timestamp="2021-07-12T14:52:06 IST" time="170.754" errors="0">
  <testcase name="importMain" time="170.754" classname="QuoteCQ.ImportBOM"/>
  <system-out/>
</testsuite> <!-- QuoteCQ.ImportBOM -->
