<?xml version="1.0" encoding="UTF-8"?>
<!-- Generated by org.testng.reporters.JUnitReportReporter -->
<testsuite skipped="0" hostname="TGS68" name="Labor.AddlaborTc01" tests="1" failures="0" timestamp="2021-01-28T16:56:07 IST" time="250.669" errors="0">
  <testcase name="addMain" time="250.669" classname="Labor.AddlaborTc01"/>
  <system-out/>
</testsuite> <!-- Labor.AddlaborTc01 -->
