<?xml version="1.0" encoding="UTF-8"?>
<!-- Generated by org.testng.reporters.JUnitReportReporter -->
<testsuite skipped="0" hostname="TGS68" name="SmokeTest.LogOut" tests="1" failures="0" timestamp="2021-10-15T11:22:07 IST" time="13.584" errors="0">
  <testcase name="addLine" time="13.584" classname="SmokeTest.LogOut"/>
  <system-out/>
</testsuite> <!-- SmokeTest.LogOut -->
