<?xml version="1.0" encoding="UTF-8"?>
<!-- Generated by org.testng.reporters.JUnitReportReporter -->
<testsuite hostname="TGS109" failures="0" tests="1" name="QuoteCQ.QuoteCQ_Login" time="46.762" errors="0" timestamp="2022-04-19T10:50:43 IST" skipped="0">
  <testcase classname="QuoteCQ.QuoteCQ_Login" name="frontLogin" time="46.762"/>
  <system-out/>
</testsuite> <!-- QuoteCQ.QuoteCQ_Login -->
