<?xml version="1.0" encoding="UTF-8"?>
<!-- Generated by org.testng.reporters.JUnitReportReporter -->
<testsuite skipped="0" hostname="TGS68" name="ShopCQ.UploadDemandTc03" tests="1" failures="0" timestamp="2021-03-01T17:20:05 IST" time="83.697" errors="0">
  <testcase name="importMain" time="83.697" classname="ShopCQ.UploadDemandTc03"/>
  <system-out/>
</testsuite> <!-- ShopCQ.UploadDemandTc03 -->
