<?xml version="1.0" encoding="UTF-8"?>
<!-- Generated by org.testng.reporters.JUnitReportReporter -->
<testsuite skipped="0" hostname="TGS68" name="ImportWidget_Demandline.Demandline_1" tests="1" failures="0" timestamp="2021-06-08T11:03:28 IST" time="108.424" errors="0">
  <testcase name="demandLineMain" time="108.424" classname="ImportWidget_Demandline.Demandline_1"/>
  <system-out/>
</testsuite> <!-- ImportWidget_Demandline.Demandline_1 -->
