<?xml version="1.0" encoding="UTF-8"?>
<!-- Generated by org.testng.reporters.JUnitReportReporter -->
<testsuite skipped="1" hostname="TGS68" name="QuoteCQ.QuoteCQ_MarkasSent" tests="1" failures="0" timestamp="2021-09-20T13:15:37 IST" time="0.000" errors="0">
  <testcase name="markSent" time="0.000" classname="QuoteCQ.QuoteCQ_MarkasSent">
    <skipped/>
  </testcase> <!-- markSent -->
  <system-out/>
</testsuite> <!-- QuoteCQ.QuoteCQ_MarkasSent -->
