<?xml version="1.0" encoding="UTF-8"?>
<!-- Generated by org.testng.reporters.JUnitReportReporter -->
<testsuite skipped="0" hostname="TGS68" name="ImportWidget.IW_DemandLine" tests="2" failures="0" timestamp="2021-12-27T14:36:12 IST" time="1277.074" errors="0">
  <testcase name="blankfileMain" time="48.866" classname="ImportWidget.IW_DemandLine"/>
  <system-out/>
  <testcase name="demandLineMain" time="1228.208" classname="ImportWidget.IW_DemandLine"/>
  <system-out/>
</testsuite> <!-- ImportWidget.IW_DemandLine -->
