<?xml version="1.0" encoding="UTF-8"?>
<!-- Generated by org.testng.reporters.JUnitReportReporter -->
<testsuite skipped="0" hostname="TGS68" name="ImportWidget.IW_DL_Blankfile" tests="1" failures="0" timestamp="2021-10-05T12:37:56 IST" time="80.570" errors="0">
  <testcase name="blankfileMain" time="80.570" classname="ImportWidget.IW_DL_Blankfile"/>
  <system-out/>
</testsuite> <!-- ImportWidget.IW_DL_Blankfile -->
