<?xml version="1.0" encoding="UTF-8"?>
<!-- Generated by org.testng.reporters.JUnitReportReporter -->
<testsuite skipped="0" hostname="TGS68" name="ShopCQ.Login" tests="1" failures="0" timestamp="2021-07-21T11:56:57 IST" time="76.621" errors="0">
  <testcase name="frontLogin" time="76.621" classname="ShopCQ.Login"/>
  <system-out/>
</testsuite> <!-- ShopCQ.Login -->
