<?xml version="1.0" encoding="UTF-8"?>
<!-- Generated by org.testng.reporters.JUnitReportReporter -->
<testsuite skipped="1" hostname="TGS68" name="QuoteCQ.MarkasSent" tests="1" failures="0" timestamp="2021-07-12T14:52:06 IST" time="0.000" errors="0">
  <testcase name="markSent" time="0.000" classname="QuoteCQ.MarkasSent">
    <skipped/>
  </testcase> <!-- markSent -->
  <system-out/>
</testsuite> <!-- QuoteCQ.MarkasSent -->
