<?xml version="1.0" encoding="UTF-8"?>
<!-- Generated by org.testng.reporters.JUnitReportReporter -->
<testsuite skipped="0" hostname="TGS68" name="SmokeTest.Smoke_Summary_MiscCost" tests="3" failures="0" timestamp="2021-11-26T14:47:26 IST" time="153.378" errors="0">
  <testcase name="MiscCost" time="100.366" classname="SmokeTest.Smoke_Summary_MiscCost"/>
  <system-out/>
  <testcase name="addMiscCost" time="18.775" classname="SmokeTest.Smoke_Summary_MiscCost"/>
  <system-out/>
  <testcase name="getMiscCost" time="34.237" classname="SmokeTest.Smoke_Summary_MiscCost"/>
  <system-out/>
</testsuite> <!-- SmokeTest.Smoke_Summary_MiscCost -->
