<?xml version="1.0" encoding="UTF-8"?>
<!-- Generated by org.testng.reporters.JUnitReportReporter -->
<testsuite skipped="0" hostname="TGS68" name="ShopCQ.ShopCQ_ConsolidateLineitem" tests="1" failures="0" timestamp="2021-12-22T12:22:19 IST" time="327.297" errors="0">
  <testcase name="consolidateMain" time="327.297" classname="ShopCQ.ShopCQ_ConsolidateLineitem"/>
  <system-out/>
</testsuite> <!-- ShopCQ.ShopCQ_ConsolidateLineitem -->
