<?xml version="1.0" encoding="UTF-8"?>
<!-- Generated by org.testng.reporters.JUnitReportReporter -->
<testsuite skipped="0" hostname="TGS68" name="ImportWidget.IW_BOM_NullMPN" tests="1" failures="0" timestamp="2021-10-05T09:49:22 IST" time="128.666" errors="0">
  <testcase name="sameQtyMain" time="128.666" classname="ImportWidget.IW_BOM_NullMPN"/>
  <system-out/>
</testsuite> <!-- ImportWidget.IW_BOM_NullMPN -->
