<?xml version="1.0" encoding="UTF-8"?>
<!-- Generated by org.testng.reporters.JUnitReportReporter -->
<testsuite skipped="0" hostname="TGS68" name="ImportWidget_Demandline.Login" tests="1" failures="0" timestamp="2021-06-08T11:03:28 IST" time="105.143" errors="0">
  <testcase name="frontLogin" time="105.143" classname="ImportWidget_Demandline.Login"/>
  <system-out/>
</testsuite> <!-- ImportWidget_Demandline.Login -->
