<?xml version="1.0" encoding="UTF-8"?>
<!-- Generated by org.testng.reporters.JUnitReportReporter -->
<testsuite skipped="0" hostname="TGS68" name="SmokeTest.Smoke_Import_Export_Bid" tests="4" failures="0" timestamp="2021-11-23T14:54:52 IST" time="581.542" errors="0">
  <testcase name="bidCreate" time="483.942" classname="SmokeTest.Smoke_Import_Export_Bid"/>
  <system-out/>
  <testcase name="bidExport" time="18.561" classname="SmokeTest.Smoke_Import_Export_Bid"/>
  <system-out/>
  <testcase name="bidImport" time="45.531" classname="SmokeTest.Smoke_Import_Export_Bid"/>
  <system-out/>
  <testcase name="bidImportMaterial" time="33.508" classname="SmokeTest.Smoke_Import_Export_Bid"/>
  <system-out/>
</testsuite> <!-- SmokeTest.Smoke_Import_Export_Bid -->
