<?xml version="1.0" encoding="UTF-8"?>
<!-- Generated by org.testng.reporters.JUnitReportReporter -->
<testsuite skipped="0" hostname="TGS68" name="BOMPhase1.ImportBOMTc01" tests="1" failures="0" timestamp="2021-02-19T10:41:39 IST" time="180.886" errors="0">
  <testcase name="importMain" time="180.886" classname="BOMPhase1.ImportBOMTc01"/>
  <system-out/>
</testsuite> <!-- BOMPhase1.ImportBOMTc01 -->
