<?xml version="1.0" encoding="UTF-8"?>
<!-- Generated by org.testng.reporters.JUnitReportReporter -->
<testsuite skipped="0" hostname="TGS68" name="Labor.VerifydrivercountTc02" tests="1" failures="0" timestamp="2021-01-28T16:56:07 IST" time="480.768" errors="0">
  <testcase name="addMain" time="480.768" classname="Labor.VerifydrivercountTc02"/>
  <system-out/>
</testsuite> <!-- Labor.VerifydrivercountTc02 -->
