<?xml version="1.0" encoding="UTF-8"?>
<!-- Generated by org.testng.reporters.JUnitReportReporter -->
<testsuite skipped="0" hostname="TGS68" name="BOMPhase1.UpdatepricingTc01" tests="1" failures="0" timestamp="2021-02-19T10:41:39 IST" time="122.545" errors="0">
  <testcase name="pricingmain" time="122.545" classname="BOMPhase1.UpdatepricingTc01"/>
  <system-out/>
</testsuite> <!-- BOMPhase1.UpdatepricingTc01 -->
