<?xml version="1.0" encoding="UTF-8"?>
<!-- Generated by org.testng.reporters.JUnitReportReporter -->
<testsuite skipped="0" hostname="TGS68" name="ImportWidget.IW_DL_Main" tests="1" failures="0" timestamp="2021-10-05T16:09:12 IST" time="1108.450" errors="0">
  <testcase name="demandLineMain" time="1108.450" classname="ImportWidget.IW_DL_Main"/>
  <system-out/>
</testsuite> <!-- ImportWidget.IW_DL_Main -->
