<?xml version="1.0" encoding="UTF-8"?>
<!-- Generated by org.testng.reporters.JUnitReportReporter -->
<testsuite skipped="0" hostname="TGS68" name="SmokeTest.Smoke_Summary" tests="4" failures="0" timestamp="2021-11-02T16:12:32 IST" time="207.444" errors="0">
  <testcase name="addManualLine" time="28.590" classname="SmokeTest.Smoke_Summary"/>
  <system-out/>
  <testcase name="Pricing" time="16.238" classname="SmokeTest.Smoke_Summary"/>
  <system-out/>
  <testcase name="getValue" time="95.832" classname="SmokeTest.Smoke_Summary"/>
  <system-out/>
  <testcase name="verifyCalcMaterial" time="66.784" classname="SmokeTest.Smoke_Summary"/>
  <system-out/>
</testsuite> <!-- SmokeTest.Smoke_Summary -->
