<?xml version="1.0" encoding="UTF-8"?>
<!-- Generated by org.testng.reporters.JUnitReportReporter -->
<testsuite skipped="0" hostname="TGS68" name="ImportWidget.BOM_SingleLevel" tests="1" failures="0" timestamp="2021-07-08T14:58:22 IST" time="1110.867" errors="0">
  <testcase name="sameQtyMain" time="1110.867" classname="ImportWidget.BOM_SingleLevel"/>
  <system-out/>
</testsuite> <!-- ImportWidget.BOM_SingleLevel -->
