<?xml version="1.0" encoding="UTF-8"?>
<!-- Generated by org.testng.reporters.JUnitReportReporter -->
<testsuite skipped="0" hostname="TGS68" name="BidCQ.BidCQ_POAcknowledge" tests="1" failures="0" timestamp="2021-12-24T11:34:54 IST" time="515.377" errors="0">
  <testcase name="poAcknowledge" time="515.377" classname="BidCQ.BidCQ_POAcknowledge"/>
  <system-out/>
</testsuite> <!-- BidCQ.BidCQ_POAcknowledge -->
