<?xml version="1.0" encoding="UTF-8"?>
<!-- Generated by org.testng.reporters.JUnitReportReporter -->
<testsuite skipped="0" hostname="TGS68" name="ImportWidget_BOM.BlankBOMfile" tests="1" failures="0" timestamp="2021-06-02T13:27:50 IST" time="183.365" errors="0">
  <testcase name="blankfileMain" time="183.365" classname="ImportWidget_BOM.BlankBOMfile"/>
  <system-out/>
</testsuite> <!-- ImportWidget_BOM.BlankBOMfile -->
