<?xml version="1.0" encoding="UTF-8"?>
<!-- Generated by org.testng.reporters.JUnitReportReporter -->
<testsuite skipped="0" hostname="TGS68" name="ImportWidget_BOM.SingleLevelBOM" tests="1" failures="0" timestamp="2021-06-03T09:32:24 IST" time="1034.907" errors="0">
  <testcase name="sameQtyMain" time="1034.907" classname="ImportWidget_BOM.SingleLevelBOM"/>
  <system-out/>
</testsuite> <!-- ImportWidget_BOM.SingleLevelBOM -->
