<?xml version="1.0" encoding="UTF-8"?>
<!-- Generated by org.testng.reporters.JUnitReportReporter -->
<testsuite skipped="0" hostname="TGS68" name="ImportWidget.BOM_MultiLevel" tests="1" failures="0" timestamp="2021-07-09T18:40:21 IST" time="842.350" errors="0">
  <testcase name="multiLevelSamedataMain" time="842.350" classname="ImportWidget.BOM_MultiLevel"/>
  <system-out/>
</testsuite> <!-- ImportWidget.BOM_MultiLevel -->
