<?xml version="1.0" encoding="UTF-8"?>
<!-- Generated by org.testng.reporters.JUnitReportReporter -->
<testsuite skipped="0" hostname="TGS68" name="ShopCQ.DemandlineTc02" tests="1" failures="0" timestamp="2021-03-02T13:12:33 IST" time="0.134" errors="0">
  <testcase name="demandLine" time="0.134" classname="ShopCQ.DemandlineTc02"/>
  <system-out/>
</testsuite> <!-- ShopCQ.DemandlineTc02 -->
