<?xml version="1.0" encoding="UTF-8"?>
<!-- Generated by org.testng.reporters.JUnitReportReporter -->
<testsuite skipped="0" hostname="TGS68" name="BidCQ.BidGenerate" tests="1" failures="0" timestamp="2021-07-21T11:21:59 IST" time="588.063" errors="0">
  <testcase name="generate" time="588.063" classname="BidCQ.BidGenerate"/>
  <system-out/>
</testsuite> <!-- BidCQ.BidGenerate -->
