<?xml version="1.0" encoding="UTF-8"?>
<!-- Generated by org.testng.reporters.JUnitReportReporter -->
<testsuite hostname="TGS109" failures="0" tests="1" name="Login.Login" time="41.573" errors="0" timestamp="2022-03-24T11:13:12 IST" skipped="0">
  <testcase classname="Login.Login" name="frontLogin" time="41.573"/>
  <system-out/>
</testsuite> <!-- Login.Login -->
