<?xml version="1.0" encoding="UTF-8"?>
<!-- Generated by org.testng.reporters.JUnitReportReporter -->
<testsuite skipped="0" hostname="TGS68" name="ShopCQ.POSent" tests="1" failures="0" timestamp="2021-07-21T11:56:57 IST" time="269.717" errors="0">
  <testcase name="poSent" time="269.717" classname="ShopCQ.POSent"/>
  <system-out/>
</testsuite> <!-- ShopCQ.POSent -->
