<?xml version="1.0" encoding="UTF-8"?>
<!-- Generated by org.testng.reporters.JUnitReportReporter -->
<testsuite skipped="0" hostname="TGS68" name="BOMPhase1.Updatepricing" tests="1" failures="0" timestamp="2021-07-23T17:33:42 IST" time="221.027" errors="0">
  <testcase name="pricingmain" time="221.027" classname="BOMPhase1.Updatepricing"/>
  <system-out/>
</testsuite> <!-- BOMPhase1.Updatepricing -->
