<?xml version="1.0" encoding="UTF-8"?>
<!-- Generated by org.testng.reporters.JUnitReportReporter -->
<testsuite hostname="TGS109" failures="0" tests="1" name="QuoteCQ.QuoteCQ_ImportBOM" time="205.159" errors="0" timestamp="2022-04-01T12:00:01 IST" skipped="0">
  <testcase classname="QuoteCQ.QuoteCQ_ImportBOM" name="importMain" time="205.159"/>
  <system-out/>
</testsuite> <!-- QuoteCQ.QuoteCQ_ImportBOM -->
