<?xml version="1.0" encoding="UTF-8"?>
<!-- Generated by org.testng.reporters.JUnitReportReporter -->
<testsuite skipped="0" hostname="TGS68" name="SmokeTest.Reports" tests="5" failures="0" timestamp="2021-10-25T16:23:39 IST" time="254.875" errors="0">
  <testcase name="costedBOM" time="136.526" classname="SmokeTest.Reports"/>
  <system-out/>
  <testcase name="costedBOMMultiLevel" time="29.600" classname="SmokeTest.Reports"/>
  <system-out/>
  <testcase name="costedBOMOrgCurrency" time="29.544" classname="SmokeTest.Reports"/>
  <system-out/>
  <testcase name="costedBOMMultiOrgCurrency" time="29.609" classname="SmokeTest.Reports"/>
  <system-out/>
  <testcase name="costedBOMAll" time="29.596" classname="SmokeTest.Reports"/>
  <system-out/>
</testsuite> <!-- SmokeTest.Reports -->
