<?xml version="1.0" encoding="UTF-8"?>
<!-- Generated by org.testng.reporters.JUnitReportReporter -->
<testsuite skipped="0" hostname="TGS68" name="ImportWidget.SameDataMultilevelBOM" tests="1" failures="0" timestamp="2021-05-20T15:31:35 IST" time="488.619" errors="0">
  <testcase name="multiLevelSamedataMain" time="488.619" classname="ImportWidget.SameDataMultilevelBOM"/>
  <system-out/>
</testsuite> <!-- ImportWidget.SameDataMultilevelBOM -->
