<?xml version="1.0" encoding="UTF-8"?>
<!-- Generated by org.testng.reporters.JUnitReportReporter -->
<testsuite skipped="0" hostname="TGS68" name="BidCQ.BidCQ_AlternatePart" tests="1" failures="0" timestamp="2021-10-04T18:36:15 IST" time="0.091" errors="0">
  <testcase name="altenatePart" time="0.091" classname="BidCQ.BidCQ_AlternatePart"/>
  <system-out/>
</testsuite> <!-- BidCQ.BidCQ_AlternatePart -->
