<?xml version="1.0" encoding="UTF-8"?>
<!-- Generated by org.testng.reporters.JUnitReportReporter -->
<testsuite skipped="0" hostname="TGS68" name="ImportWidget_Demandline.BlankDemandliefile" tests="1" failures="0" timestamp="2021-06-03T10:51:29 IST" time="88.140" errors="0">
  <testcase name="blankfileMain" time="88.140" classname="ImportWidget_Demandline.BlankDemandliefile"/>
  <system-out/>
</testsuite> <!-- ImportWidget_Demandline.BlankDemandliefile -->
