<?xml version="1.0" encoding="UTF-8"?>
<!-- Generated by org.testng.reporters.JUnitReportReporter -->
<testsuite skipped="0" hostname="TGS68" name="ShopCQ.LoginTc01" tests="1" failures="0" timestamp="2021-03-02T13:12:33 IST" time="74.898" errors="0">
  <testcase name="frontLogin" time="74.898" classname="ShopCQ.LoginTc01"/>
  <system-out/>
</testsuite> <!-- ShopCQ.LoginTc01 -->
