<?xml version="1.0" encoding="UTF-8"?>
<!-- Generated by org.testng.reporters.JUnitReportReporter -->
<testsuite skipped="0" hostname="TGS68" name="ImportWidget_BOM.NullMPN" tests="1" failures="0" timestamp="2021-06-02T13:27:50 IST" time="97.256" errors="0">
  <testcase name="sameQtyMain" time="97.256" classname="ImportWidget_BOM.NullMPN"/>
  <system-out/>
</testsuite> <!-- ImportWidget_BOM.NullMPN -->
