<?xml version="1.0" encoding="UTF-8"?>
<!-- Generated by org.testng.reporters.JUnitReportReporter -->
<testsuite skipped="0" hostname="TGS68" name="SearchCQ.SearchCQ" tests="1" failures="0" timestamp="2021-06-29T17:42:06 IST" time="50.119" errors="0">
  <testcase name="SearchData" time="50.119" classname="SearchCQ.SearchCQ"/>
  <system-out/>
</testsuite> <!-- SearchCQ.SearchCQ -->
