<?xml version="1.0" encoding="UTF-8"?>
<!-- Generated by org.testng.reporters.JUnitReportReporter -->
<testsuite skipped="0" hostname="TGS68" name="SmokeTest.Smoke_Summary_Overhead" tests="4" failures="0" timestamp="2021-12-01T10:09:51 IST" time="155.659" errors="0">
  <testcase name="getCurrency" time="20.108" classname="SmokeTest.Smoke_Summary_Overhead"/>
  <system-out/>
  <testcase name="overheadDrivers" time="43.273" classname="SmokeTest.Smoke_Summary_Overhead"/>
  <system-out/>
  <testcase name="overheadCost" time="43.642" classname="SmokeTest.Smoke_Summary_Overhead"/>
  <system-out/>
  <testcase name="overheadVerify" time="48.636" classname="SmokeTest.Smoke_Summary_Overhead"/>
  <system-out/>
</testsuite> <!-- SmokeTest.Smoke_Summary_Overhead -->
