<?xml version="1.0" encoding="UTF-8"?>
<!-- Generated by org.testng.reporters.JUnitReportReporter -->
<testsuite skipped="0" hostname="TGS68" name="ShopCQ.POFilterList" tests="1" failures="0" timestamp="2021-07-21T11:56:57 IST" time="359.584" errors="0">
  <testcase name="poFilter" time="359.584" classname="ShopCQ.POFilterList"/>
  <system-out/>
</testsuite> <!-- ShopCQ.POFilterList -->
