<?xml version="1.0" encoding="UTF-8"?>
<!-- Generated by org.testng.reporters.JUnitReportReporter -->
<testsuite skipped="0" hostname="TGS68" name="ShopCQ.AutoSelect" tests="1" failures="0" timestamp="2021-07-21T11:56:57 IST" time="93.413" errors="0">
  <testcase name="autoSelect" time="93.413" classname="ShopCQ.AutoSelect"/>
  <system-out/>
</testsuite> <!-- ShopCQ.AutoSelect -->
