<?xml version="1.0" encoding="UTF-8"?>
<!-- Generated by org.testng.reporters.JUnitReportReporter -->
<testsuite skipped="0" hostname="TGS68" name="BidCQ.BidCQ_Filter" tests="19" failures="0" timestamp="2021-09-16T13:26:12 IST" time="414.420" errors="0">
  <testcase name="filter" time="6.355" classname="BidCQ.BidCQ_Filter"/>
  <system-out/>
  <testcase name="filterSummary1" time="41.547" classname="BidCQ.BidCQ_Filter"/>
  <system-out/>
  <testcase name="filterSummary2" time="6.240" classname="BidCQ.BidCQ_Filter"/>
  <system-out/>
  <testcase name="filterSummary3" time="41.557" classname="BidCQ.BidCQ_Filter"/>
  <system-out/>
  <testcase name="filterSummary4" time="11.523" classname="BidCQ.BidCQ_Filter"/>
  <system-out/>
  <testcase name="filterSummary5" time="41.483" classname="BidCQ.BidCQ_Filter"/>
  <system-out/>
  <testcase name="filterSide1" time="6.456" classname="BidCQ.BidCQ_Filter"/>
  <system-out/>
  <testcase name="filterSide2" time="16.346" classname="BidCQ.BidCQ_Filter"/>
  <system-out/>
  <testcase name="filterSide3" time="16.272" classname="BidCQ.BidCQ_Filter"/>
  <system-out/>
  <testcase name="filterSide4" time="16.298" classname="BidCQ.BidCQ_Filter"/>
  <system-out/>
  <testcase name="filterSide5" time="43.018" classname="BidCQ.BidCQ_Filter"/>
  <system-out/>
  <testcase name="filterSummary6" time="41.521" classname="BidCQ.BidCQ_Filter"/>
  <system-out/>
  <testcase name="filterSummary7" time="11.657" classname="BidCQ.BidCQ_Filter"/>
  <system-out/>
  <testcase name="filterSummary8" time="11.498" classname="BidCQ.BidCQ_Filter"/>
  <system-out/>
  <testcase name="filterSummary9" time="11.575" classname="BidCQ.BidCQ_Filter"/>
  <system-out/>
  <testcase name="filterSummary10" time="41.735" classname="BidCQ.BidCQ_Filter"/>
  <system-out/>
  <testcase name="filterSide6" time="16.389" classname="BidCQ.BidCQ_Filter"/>
  <system-out/>
  <testcase name="filterSide7" time="16.418" classname="BidCQ.BidCQ_Filter"/>
  <system-out/>
  <testcase name="filterSide8" time="16.532" classname="BidCQ.BidCQ_Filter"/>
  <system-out/>
</testsuite> <!-- BidCQ.BidCQ_Filter -->
