<?xml version="1.0" encoding="UTF-8"?>
<!-- Generated by org.testng.reporters.JUnitReportReporter -->
<testsuite skipped="0" hostname="TGS68" name="QuoteCQ.SubmitTc01" tests="1" failures="0" timestamp="2021-03-15T11:32:41 IST" time="30.153" errors="0">
  <testcase name="submitmain" time="30.153" classname="QuoteCQ.SubmitTc01"/>
  <system-out/>
</testsuite> <!-- QuoteCQ.SubmitTc01 -->
