<?xml version="1.0" encoding="UTF-8"?>
<!-- Generated by org.testng.reporters.JUnitReportReporter -->
<testsuite skipped="0" hostname="TGS68" name="SmokeTest.Smoke_Email" tests="1" failures="0" timestamp="2021-10-14T18:08:32 IST" time="221.921" errors="0">
  <testcase name="email" time="221.921" classname="SmokeTest.Smoke_Email"/>
  <system-out/>
</testsuite> <!-- SmokeTest.Smoke_Email -->
