<?xml version="1.0" encoding="UTF-8"?>
<!-- Generated by org.testng.reporters.JUnitReportReporter -->
<testsuite skipped="0" hostname="TGS68" name="ImportWidget_Demandline.SchduleDate_Qty" tests="1" failures="0" timestamp="2021-05-25T11:19:56 IST" time="340.620" errors="0">
  <testcase name="schduleDateTimeMain" time="340.620" classname="ImportWidget_Demandline.SchduleDate_Qty"/>
  <system-out/>
</testsuite> <!-- ImportWidget_Demandline.SchduleDate_Qty -->
