<?xml version="1.0" encoding="UTF-8"?>
<!-- Generated by org.testng.reporters.JUnitReportReporter -->
<testsuite hostname="TGS68" name="SearchCQ.SearchCQ_VerifyResult" tests="1" failures="0" timestamp="20 Dec 2021 11:03:26 GMT" time="53.857" errors="0">
  <testcase name="SearchData" time="53.857" classname="SearchCQ.SearchCQ_VerifyResult"/>
</testsuite> <!-- SearchCQ.SearchCQ_VerifyResult -->
