<?xml version="1.0" encoding="UTF-8"?>
<!-- Generated by org.testng.reporters.JUnitReportReporter -->
<testsuite skipped="0" hostname="TGS68" name="ShopCQ.ShopCQ_SentLineitem" tests="1" failures="0" timestamp="2021-11-19T10:17:33 IST" time="22.166" errors="0">
  <testcase name="exportPO" time="22.166" classname="ShopCQ.ShopCQ_SentLineitem"/>
  <system-out/>
</testsuite> <!-- ShopCQ.ShopCQ_SentLineitem -->
