<?xml version="1.0" encoding="UTF-8"?>
<!-- Generated by org.testng.reporters.JUnitReportReporter -->
<testsuite skipped="0" hostname="TGS68" name="ImportWidget.IW_BOM_SingleLevel" tests="3" failures="0" timestamp="2021-12-27T12:47:00 IST" time="1159.453" errors="0">
  <testcase name="blankfile" time="67.438" classname="ImportWidget.IW_BOM_SingleLevel"/>
  <system-out/>
  <testcase name="nullMPN" time="66.715" classname="ImportWidget.IW_BOM_SingleLevel"/>
  <system-out/>
  <testcase name="sameQtyMain" time="1025.300" classname="ImportWidget.IW_BOM_SingleLevel"/>
  <system-out/>
</testsuite> <!-- ImportWidget.IW_BOM_SingleLevel -->
