<?xml version="1.0" encoding="UTF-8"?>
<!-- Generated by org.testng.reporters.JUnitReportReporter -->
<testsuite skipped="0" hostname="TGS68" name="BOMPhase1.Autoselect" tests="1" failures="0" timestamp="2021-07-23T17:33:42 IST" time="64.478" errors="0">
  <testcase name="pricingmain" time="64.478" classname="BOMPhase1.Autoselect"/>
  <system-out/>
</testsuite> <!-- BOMPhase1.Autoselect -->
