<?xml version="1.0" encoding="UTF-8"?>
<!-- Generated by org.testng.reporters.JUnitReportReporter -->
<testsuite skipped="0" hostname="TGS68" name="ImportWidget.DL_Blankfile" tests="1" failures="0" timestamp="2021-07-26T17:52:32 IST" time="80.527" errors="0">
  <testcase name="blankfileMain" time="80.527" classname="ImportWidget.DL_Blankfile"/>
  <system-out/>
</testsuite> <!-- ImportWidget.DL_Blankfile -->
