<?xml version="1.0" encoding="UTF-8"?>
<!-- Generated by org.testng.reporters.JUnitReportReporter -->
<testsuite skipped="0" hostname="TGS68" name="ImportWidget.BOM_BlankFile" tests="1" failures="0" timestamp="2021-07-26T17:52:32 IST" time="148.787" errors="0">
  <testcase name="blankfileMain" time="148.787" classname="ImportWidget.BOM_BlankFile"/>
  <system-out/>
</testsuite> <!-- ImportWidget.BOM_BlankFile -->
