<?xml version="1.0" encoding="UTF-8"?>
<!-- Generated by org.testng.reporters.JUnitReportReporter -->
<testsuite skipped="0" hostname="TGS68" name="SmokeTest.Smoke_Summary_PCB" tests="1" failures="0" timestamp="2021-11-26T17:27:05 IST" time="109.399" errors="0">
  <testcase name="PCB" time="109.399" classname="SmokeTest.Smoke_Summary_PCB"/>
  <system-out/>
</testsuite> <!-- SmokeTest.Smoke_Summary_PCB -->
