<?xml version="1.0" encoding="UTF-8"?>
<!-- Generated by org.testng.reporters.JUnitReportReporter -->
<testsuite skipped="0" hostname="TGS68" name="BidCQ.BidCQ_NoBid" tests="3" failures="0" timestamp="2021-09-16T13:26:12 IST" time="542.061" errors="0">
  <testcase name="noBidSingle" time="443.570" classname="BidCQ.BidCQ_NoBid"/>
  <system-out/>
  <testcase name="noBidMulti" time="49.180" classname="BidCQ.BidCQ_NoBid"/>
  <system-out/>
  <testcase name="noBidAll" time="49.311" classname="BidCQ.BidCQ_NoBid"/>
  <system-out/>
</testsuite> <!-- BidCQ.BidCQ_NoBid -->
