<?xml version="1.0" encoding="UTF-8"?>
<!-- Generated by org.testng.reporters.JUnitReportReporter -->
<testsuite skipped="0" hostname="TGS68" name="ShopCQ.AddDemandline" tests="1" failures="0" timestamp="2021-07-21T11:56:57 IST" time="202.291" errors="0">
  <testcase name="demandLine" time="202.291" classname="ShopCQ.AddDemandline"/>
  <system-out/>
</testsuite> <!-- ShopCQ.AddDemandline -->
