<?xml version="1.0" encoding="UTF-8"?>
<!-- Generated by org.testng.reporters.JUnitReportReporter -->
<testsuite skipped="0" hostname="TGS68" name="QuoteCQ.PublishQuote" tests="1" failures="0" timestamp="2021-07-12T14:52:06 IST" time="21.620" errors="0">
  <testcase name="publishmain" time="21.620" classname="QuoteCQ.PublishQuote"/>
  <system-out/>
</testsuite> <!-- QuoteCQ.PublishQuote -->
