<?xml version="1.0" encoding="UTF-8"?>
<!-- Generated by org.testng.reporters.JUnitReportReporter -->
<testsuite skipped="0" hostname="TGS68" name="SmokeTest.Smoke_BOMLineItems" tests="2" failures="0" timestamp="2021-10-15T16:15:07 IST" time="260.001" errors="0">
  <testcase name="manualLine" time="119.574" classname="SmokeTest.Smoke_BOMLineItems"/>
  <system-out/>
  <testcase name="manualPricing" time="140.427" classname="SmokeTest.Smoke_BOMLineItems"/>
  <system-out/>
</testsuite> <!-- SmokeTest.Smoke_BOMLineItems -->
