<?xml version="1.0" encoding="UTF-8"?>
<!-- Generated by org.testng.reporters.JUnitReportReporter -->
<testsuite skipped="0" hostname="TGS68" name="RFQ.CreateRFQTc03" tests="1" failures="0" timestamp="2021-01-30T13:44:34 IST" time="205.603" errors="0">
  <testcase name="create" time="205.603" classname="RFQ.CreateRFQTc03"/>
  <system-out/>
</testsuite> <!-- RFQ.CreateRFQTc03 -->
