<?xml version="1.0" encoding="UTF-8"?>
<!-- Generated by org.testng.reporters.JUnitReportReporter -->
<testsuite skipped="0" hostname="TGS68" name="BidCQ.BidCQ_BidReminder" tests="2" failures="0" timestamp="2021-09-16T13:26:12 IST" time="614.672" errors="0">
  <testcase name="bidReminderMc" time="551.018" classname="BidCQ.BidCQ_BidReminder"/>
  <system-out/>
  <testcase name="bidReminderTile" time="63.654" classname="BidCQ.BidCQ_BidReminder"/>
  <system-out/>
</testsuite> <!-- BidCQ.BidCQ_BidReminder -->
