<?xml version="1.0" encoding="UTF-8"?>
<!-- Generated by org.testng.reporters.JUnitReportReporter -->
<testsuite skipped="0" hostname="TGS68" name="ShopCQ.UploadDemand" tests="1" failures="0" timestamp="2021-07-21T11:56:57 IST" time="74.491" errors="0">
  <testcase name="importMain" time="74.491" classname="ShopCQ.UploadDemand"/>
  <system-out/>
</testsuite> <!-- ShopCQ.UploadDemand -->
