<?xml version="1.0" encoding="UTF-8"?>
<!-- Generated by org.testng.reporters.JUnitReportReporter -->
<testsuite skipped="0" hostname="TGS68" name="QuoteCQ.UpdatepricingTc01" tests="1" failures="0" timestamp="2021-03-15T11:32:41 IST" time="182.984" errors="0">
  <testcase name="pricingmain" time="182.984" classname="QuoteCQ.UpdatepricingTc01"/>
  <system-out/>
</testsuite> <!-- QuoteCQ.UpdatepricingTc01 -->
