<?xml version="1.0" encoding="UTF-8"?>
<!-- Generated by org.testng.reporters.JUnitReportReporter -->
<testsuite skipped="0" hostname="TGS68" name="BOM.SinglelineEditBOMTc02" tests="1" failures="0" timestamp="2021-02-19T17:22:04 IST" time="890.648" errors="0">
  <testcase name="editMain" time="890.648" classname="BOM.SinglelineEditBOMTc02"/>
  <system-out/>
</testsuite> <!-- BOM.SinglelineEditBOMTc02 -->
