<?xml version="1.0" encoding="UTF-8"?>
<!-- Generated by org.testng.reporters.JUnitReportReporter -->
<testsuite hostname="TGS68" name="SearchCQ.SearchCQ_Login" tests="1" failures="0" timestamp="20 Dec 2021 11:03:26 GMT" time="34.486" errors="0">
  <testcase name="frontLogin" time="34.486" classname="SearchCQ.SearchCQ_Login"/>
</testsuite> <!-- SearchCQ.SearchCQ_Login -->
