<?xml version="1.0" encoding="UTF-8"?>
<!-- Generated by org.testng.reporters.JUnitReportReporter -->
<testsuite skipped="0" hostname="TGS68" name="QuoteCQ.AddLabor" tests="1" failures="0" timestamp="2021-07-12T14:52:06 IST" time="100.552" errors="0">
  <testcase name="addMain" time="100.552" classname="QuoteCQ.AddLabor"/>
  <system-out/>
</testsuite> <!-- QuoteCQ.AddLabor -->
