<?xml version="1.0" encoding="UTF-8"?>
<!-- Generated by org.testng.reporters.JUnitReportReporter -->
<testsuite hostname="TGS68" name="SearchCQ.SearchCQ_SearchMPN" tests="1" failures="0" timestamp="20 Dec 2021 11:03:26 GMT" time="133.699" errors="0">
  <testcase name="SearchData" time="133.699" classname="SearchCQ.SearchCQ_SearchMPN"/>
</testsuite> <!-- SearchCQ.SearchCQ_SearchMPN -->
