<?xml version="1.0" encoding="UTF-8"?>
<!-- Generated by org.testng.reporters.JUnitReportReporter -->
<testsuite skipped="0" hostname="TGS68" name="QuoteCQ.UpdatePricing" tests="1" failures="0" timestamp="2021-07-12T14:52:06 IST" time="218.348" errors="0">
  <testcase name="pricingmain" time="218.348" classname="QuoteCQ.UpdatePricing"/>
  <system-out/>
</testsuite> <!-- QuoteCQ.UpdatePricing -->
