<?xml version="1.0" encoding="UTF-8"?>
<!-- Generated by org.testng.reporters.JUnitReportReporter -->
<testsuite skipped="0" hostname="TGS68" name="QuoteCQ.CreateRFQ" tests="1" failures="0" timestamp="2021-07-12T14:52:06 IST" time="277.801" errors="0">
  <testcase name="create" time="277.801" classname="QuoteCQ.CreateRFQ"/>
  <system-out/>
</testsuite> <!-- QuoteCQ.CreateRFQ -->
