<?xml version="1.0" encoding="UTF-8"?>
<!-- Generated by org.testng.reporters.JUnitReportReporter -->
<testsuite skipped="0" hostname="TGS68" name="ImportWidget_BOM.Login" tests="1" failures="0" timestamp="2021-06-03T09:32:24 IST" time="63.279" errors="0">
  <testcase name="frontLogin" time="63.279" classname="ImportWidget_BOM.Login"/>
  <system-out/>
</testsuite> <!-- ImportWidget_BOM.Login -->
