<?xml version="1.0" encoding="UTF-8"?>
<!-- Generated by org.testng.reporters.JUnitReportReporter -->
<testsuite skipped="0" hostname="TGS68" name="BidCQ.BidManagement" tests="1" failures="0" timestamp="2021-07-21T11:21:59 IST" time="124.737" errors="0">
  <testcase name="bidMgmt" time="124.737" classname="BidCQ.BidManagement"/>
  <system-out/>
</testsuite> <!-- BidCQ.BidManagement -->
