<?xml version="1.0" encoding="UTF-8"?>
<!-- Generated by org.testng.reporters.JUnitReportReporter -->
<testsuite skipped="0" hostname="TGS68" name="SearchCQ.Login" tests="1" failures="0" timestamp="2021-07-12T14:31:35 IST" time="43.803" errors="0">
  <testcase name="frontLogin" time="43.803" classname="SearchCQ.Login"/>
  <system-out/>
</testsuite> <!-- SearchCQ.Login -->
