<?xml version="1.0" encoding="UTF-8"?>
<!-- Generated by org.testng.reporters.JUnitReportReporter -->
<testsuite skipped="0" hostname="TGS68" name="BOMPhase1.ConsolidateBOMitem" tests="1" failures="0" timestamp="2021-07-23T17:33:42 IST" time="362.659" errors="0">
  <testcase name="consolidatemain" time="362.659" classname="BOMPhase1.ConsolidateBOMitem"/>
  <system-out/>
</testsuite> <!-- BOMPhase1.ConsolidateBOMitem -->
