<?xml version="1.0" encoding="UTF-8"?>
<!-- Generated by org.testng.reporters.JUnitReportReporter -->
<testsuite skipped="0" hostname="TGS68" name="BidCQ.BidCQ_DeleteBOM" tests="4" failures="0" timestamp="2021-09-16T13:26:12 IST" time="1730.308" errors="0">
  <testcase name="deleteBOMOpen" time="632.827" classname="BidCQ.BidCQ_DeleteBOM"/>
  <system-out/>
  <testcase name="deleteLineOpen" time="458.761" classname="BidCQ.BidCQ_DeleteBOM"/>
  <system-out/>
  <testcase name="deleteLineProgress" time="336.595" classname="BidCQ.BidCQ_DeleteBOM"/>
  <system-out/>
  <testcase name="deleteBOMProgress" time="302.125" classname="BidCQ.BidCQ_DeleteBOM"/>
  <system-out/>
</testsuite> <!-- BidCQ.BidCQ_DeleteBOM -->
