<?xml version="1.0" encoding="UTF-8"?>
<!-- Generated by org.testng.reporters.JUnitReportReporter -->
<testsuite skipped="0" hostname="TGS68" name="ImportWidget.DL_Main" tests="1" failures="0" timestamp="2021-07-21T10:11:53 IST" time="1048.451" errors="0">
  <testcase name="demandLineMain" time="1048.451" classname="ImportWidget.DL_Main"/>
  <system-out/>
</testsuite> <!-- ImportWidget.DL_Main -->
