<?xml version="1.0" encoding="UTF-8"?>
<!-- Generated by org.testng.reporters.JUnitReportReporter -->
<testsuite skipped="0" hostname="TGS68" name="ShopCQ.ReviewfilterTc04" tests="1" failures="0" timestamp="2021-03-02T13:12:33 IST" time="36.026" errors="0">
  <testcase name="reviewFilter" time="36.026" classname="ShopCQ.ReviewfilterTc04"/>
  <system-out/>
</testsuite> <!-- ShopCQ.ReviewfilterTc04 -->
