<?xml version="1.0" encoding="UTF-8"?>
<!-- Generated by org.testng.reporters.JUnitReportReporter -->
<testsuite skipped="0" hostname="TGS68" name="QuoteCQ.SubmitSummary" tests="1" failures="0" timestamp="2021-07-12T14:52:06 IST" time="30.366" errors="0">
  <testcase name="submitmain" time="30.366" classname="QuoteCQ.SubmitSummary"/>
  <system-out/>
</testsuite> <!-- QuoteCQ.SubmitSummary -->
