<?xml version="1.0" encoding="UTF-8"?>
<!-- Generated by org.testng.reporters.JUnitReportReporter -->
<testsuite skipped="0" hostname="TGS68" name="SmokeTest.ForgotPassword" tests="1" failures="0" timestamp="2021-10-15T12:27:45 IST" time="64.634" errors="0">
  <testcase name="forgotPwd" time="64.634" classname="SmokeTest.ForgotPassword"/>
  <system-out/>
</testsuite> <!-- SmokeTest.ForgotPassword -->
