<?xml version="1.0" encoding="UTF-8"?>
<!-- Generated by org.testng.reporters.JUnitReportReporter -->
<testsuite skipped="0" hostname="TGS68" name="ShopCQ.ReviewFilter" tests="1" failures="0" timestamp="2021-07-21T11:56:57 IST" time="115.084" errors="0">
  <testcase name="reviewFilter" time="115.084" classname="ShopCQ.ReviewFilter"/>
  <system-out/>
</testsuite> <!-- ShopCQ.ReviewFilter -->
