<?xml version="1.0" encoding="UTF-8"?>
<!-- Generated by org.testng.reporters.JUnitReportReporter -->
<testsuite skipped="0" hostname="TGS68" name="QuoteCQ.AddlaborTc01" tests="1" failures="0" timestamp="2021-03-15T11:32:41 IST" time="100.826" errors="0">
  <testcase name="addMain" time="100.826" classname="QuoteCQ.AddlaborTc01"/>
  <system-out/>
</testsuite> <!-- QuoteCQ.AddlaborTc01 -->
