<?xml version="1.0" encoding="UTF-8"?>
<!-- Generated by org.testng.reporters.JUnitReportReporter -->
<testsuite skipped="0" hostname="TGS68" name="SmokeTest.Smoke_Summary_Material" tests="4" failures="0" timestamp="2021-12-01T10:09:51 IST" time="265.344" errors="0">
  <testcase name="importLine" time="53.769" classname="SmokeTest.Smoke_Summary_Material"/>
  <system-out/>
  <testcase name="Pricing" time="8.164" classname="SmokeTest.Smoke_Summary_Material"/>
  <system-out/>
  <testcase name="getValue" time="95.745" classname="SmokeTest.Smoke_Summary_Material"/>
  <system-out/>
  <testcase name="verifyCalcMaterial" time="107.666" classname="SmokeTest.Smoke_Summary_Material"/>
  <system-out/>
</testsuite> <!-- SmokeTest.Smoke_Summary_Material -->
