<?xml version="1.0" encoding="UTF-8"?>
<!-- Generated by org.testng.reporters.JUnitReportReporter -->
<testsuite hostname="TGS109" failures="0" tests="1" name="QuoteCQ.QuoteCQ_AddLabor" time="58.132" errors="0" timestamp="2022-04-01T12:00:01 IST" skipped="0">
  <testcase classname="QuoteCQ.QuoteCQ_AddLabor" name="addMain" time="58.132"/>
  <system-out/>
</testsuite> <!-- QuoteCQ.QuoteCQ_AddLabor -->
