<?xml version="1.0" encoding="UTF-8"?>
<!-- Generated by org.testng.reporters.JUnitReportReporter -->
<testsuite skipped="0" hostname="TGS68" name="BidCQ.BidCQ_Franchised_UnFranchised" tests="2" failures="0" timestamp="2021-09-17T16:03:15 IST" time="250.207" errors="0">
  <testcase name="linecardFranchised" time="206.389" classname="BidCQ.BidCQ_Franchised_UnFranchised"/>
  <system-out/>
  <testcase name="linecardUnFranchised" time="43.818" classname="BidCQ.BidCQ_Franchised_UnFranchised"/>
  <system-out/>
</testsuite> <!-- BidCQ.BidCQ_Franchised_UnFranchised -->
