<?xml version="1.0" encoding="UTF-8"?>
<!-- Generated by org.testng.reporters.JUnitReportReporter -->
<testsuite skipped="0" hostname="TGS68" name="BOM.ImportBOMTc01" tests="1" failures="0" timestamp="2021-02-19T17:22:04 IST" time="58.974" errors="0">
  <testcase name="importMain" time="58.974" classname="BOM.ImportBOMTc01"/>
  <system-out/>
</testsuite> <!-- BOM.ImportBOMTc01 -->
