<?xml version="1.0" encoding="UTF-8"?>
<!-- Generated by org.testng.reporters.JUnitReportReporter -->
<testsuite skipped="0" hostname="TGS68" name="ShopCQ.CreatePO" tests="1" failures="0" timestamp="2021-07-21T11:56:57 IST" time="97.925" errors="0">
  <testcase name="createPO" time="97.925" classname="ShopCQ.CreatePO"/>
  <system-out/>
</testsuite> <!-- ShopCQ.CreatePO -->
