<?xml version="1.0" encoding="UTF-8"?>
<!-- Generated by org.testng.reporters.JUnitReportReporter -->
<testsuite skipped="0" hostname="TGS68" name="ImportWidget.IW_BOM_MultiLevel" tests="1" failures="0" timestamp="2021-12-27T13:10:28 IST" time="793.067" errors="0">
  <testcase name="multiLevelSamedataMain" time="793.067" classname="ImportWidget.IW_BOM_MultiLevel"/>
  <system-out/>
</testsuite> <!-- ImportWidget.IW_BOM_MultiLevel -->
