<?xml version="1.0" encoding="UTF-8"?>
<!-- Generated by org.testng.reporters.JUnitReportReporter -->
<testsuite skipped="0" hostname="TGS68" name="SearchCQ.VerifyResult" tests="1" failures="0" timestamp="2021-07-12T14:31:35 IST" time="44.115" errors="0">
  <testcase name="SearchData" time="44.115" classname="SearchCQ.VerifyResult"/>
  <system-out/>
</testsuite> <!-- SearchCQ.VerifyResult -->
