<?xml version="1.0" encoding="UTF-8"?>
<!-- Generated by org.testng.reporters.JUnitReportReporter -->
<testsuite skipped="0" hostname="TGS68" name="BidCQ.BidCQ_ShareBid" tests="2" failures="0" timestamp="2021-09-16T13:26:12 IST" time="306.711" errors="0">
  <testcase name="shareBid1" time="162.805" classname="BidCQ.BidCQ_ShareBid"/>
  <system-out/>
  <testcase name="shareBid2" time="143.906" classname="BidCQ.BidCQ_ShareBid"/>
  <system-out/>
</testsuite> <!-- BidCQ.BidCQ_ShareBid -->
