<?xml version="1.0" encoding="UTF-8"?>
<!-- Generated by org.testng.reporters.JUnitReportReporter -->
<testsuite skipped="0" hostname="TGS68" name="ShopCQ.ShopCQ_AddDemandline" tests="1" failures="0" timestamp="2021-12-22T12:22:19 IST" time="219.026" errors="0">
  <testcase name="demandLine" time="219.026" classname="ShopCQ.ShopCQ_AddDemandline"/>
  <system-out/>
</testsuite> <!-- ShopCQ.ShopCQ_AddDemandline -->
