<?xml version="1.0" encoding="UTF-8"?>
<!-- Generated by org.testng.reporters.JUnitReportReporter -->
<testsuite skipped="0" hostname="TGS68" name="BidCQ.Login" tests="1" failures="0" timestamp="2021-07-21T11:21:59 IST" time="104.016" errors="0">
  <testcase name="frontLogin" time="104.016" classname="BidCQ.Login"/>
  <system-out/>
</testsuite> <!-- BidCQ.Login -->
