<?xml version="1.0" encoding="UTF-8"?>
<!-- Generated by org.testng.reporters.JUnitReportReporter -->
<testsuite skipped="0" hostname="TGS68" name="SmokeTest.Smoke_NRE" tests="3" failures="0" timestamp="2021-10-14T18:17:11 IST" time="209.410" errors="0">
  <testcase name="createNRE" time="73.195" classname="SmokeTest.Smoke_NRE"/>
  <system-out/>
  <testcase name="addNRE" time="82.764" classname="SmokeTest.Smoke_NRE"/>
  <system-out/>
  <testcase name="deleteNRE" time="53.451" classname="SmokeTest.Smoke_NRE"/>
  <system-out/>
</testsuite> <!-- SmokeTest.Smoke_NRE -->
