<?xml version="1.0" encoding="UTF-8"?>
<!-- Generated by org.testng.reporters.JUnitReportReporter -->
<testsuite skipped="0" hostname="TGS68" name="QuoteCQ.Login" tests="1" failures="0" timestamp="2021-07-26T17:52:32 IST" time="108.461" errors="0">
  <testcase name="frontLogin" time="108.461" classname="QuoteCQ.Login"/>
  <system-out/>
</testsuite> <!-- QuoteCQ.Login -->
