<?xml version="1.0" encoding="UTF-8"?>
<!-- Generated by org.testng.reporters.JUnitReportReporter -->
<testsuite skipped="0" hostname="TGS68" name="ImportWidget.Login" tests="1" failures="0" timestamp="2021-05-22T15:36:35 IST" time="72.386" errors="0">
  <testcase name="frontLogin" time="72.386" classname="ImportWidget.Login"/>
  <system-out/>
</testsuite> <!-- ImportWidget.Login -->
