<?xml version="1.0" encoding="UTF-8"?>
<!-- Generated by org.testng.reporters.JUnitReportReporter -->
<testsuite skipped="0" hostname="TGS68" name="ShopCQ.UpdatePricing" tests="1" failures="0" timestamp="2021-07-21T11:56:57 IST" time="91.238" errors="0">
  <testcase name="updatePricing" time="91.238" classname="ShopCQ.UpdatePricing"/>
  <system-out/>
</testsuite> <!-- ShopCQ.UpdatePricing -->
