<?xml version="1.0" encoding="UTF-8"?>
<!-- Generated by org.testng.reporters.JUnitReportReporter -->
<testsuite skipped="0" hostname="TGS68" name="ImportWidget_BOM.PackageQuoteImport" tests="1" failures="0" timestamp="2021-06-02T17:07:02 IST" time="567.570" errors="0">
  <testcase name="sameQtyMain" time="567.570" classname="ImportWidget_BOM.PackageQuoteImport"/>
  <system-out/>
</testsuite> <!-- ImportWidget_BOM.PackageQuoteImport -->
