<?xml version="1.0" encoding="UTF-8"?>
<!-- Generated by org.testng.reporters.JUnitReportReporter -->
<testsuite skipped="0" hostname="TGS68" name="BidCQ.BidCQ_ReOpenBid" tests="4" failures="0" timestamp="2021-09-16T17:03:10 IST" time="1318.371" errors="0">
  <testcase name="GeneRateBid" time="728.571" classname="BidCQ.BidCQ_ReOpenBid"/>
  <system-out/>
  <testcase name="verifyCQPSSubmit" time="132.422" classname="BidCQ.BidCQ_ReOpenBid"/>
  <system-out/>
  <testcase name="bidReOpen" time="15.845" classname="BidCQ.BidCQ_ReOpenBid"/>
  <system-out/>
  <testcase name="UpdateBid" time="441.533" classname="BidCQ.BidCQ_ReOpenBid"/>
  <system-out/>
</testsuite> <!-- BidCQ.BidCQ_ReOpenBid -->
