<?xml version="1.0" encoding="UTF-8"?>
<!-- Generated by org.testng.reporters.JUnitReportReporter -->
<testsuite skipped="0" hostname="TGS68" name="ImportWidget_Demandline.CloumnMapping" tests="1" failures="0" timestamp="2021-05-24T18:10:40 IST" time="53.589" errors="0">
  <testcase name="sameQtyMain" time="53.589" classname="ImportWidget_Demandline.CloumnMapping"/>
  <system-out/>
</testsuite> <!-- ImportWidget_Demandline.CloumnMapping -->
