<?xml version="1.0" encoding="UTF-8"?>
<!-- Generated by org.testng.reporters.JUnitReportReporter -->
<testsuite skipped="0" hostname="TGS68" name="ImportWidget_BOM.MultiLevelBOM" tests="1" failures="0" timestamp="2021-06-02T13:27:50 IST" time="774.860" errors="0">
  <testcase name="multiLevelSamedataMain" time="774.860" classname="ImportWidget_BOM.MultiLevelBOM"/>
  <system-out/>
</testsuite> <!-- ImportWidget_BOM.MultiLevelBOM -->
