<?xml version="1.0" encoding="UTF-8"?>
<!-- Generated by org.testng.reporters.JUnitReportReporter -->
<testsuite skipped="0" hostname="TGS68" name="ShopCQ.ConsolidateLineitem" tests="1" failures="0" timestamp="2021-07-21T11:56:57 IST" time="350.494" errors="0">
  <testcase name="consolidateMain" time="350.494" classname="ShopCQ.ConsolidateLineitem"/>
  <system-out/>
</testsuite> <!-- ShopCQ.ConsolidateLineitem -->
