<?xml version="1.0" encoding="UTF-8"?>
<!-- Generated by org.testng.reporters.JUnitReportReporter -->
<testsuite skipped="0" hostname="TGS68" name="ImportWidget.BOM_NullMPN" tests="1" failures="0" timestamp="2021-07-26T17:52:32 IST" time="88.457" errors="0">
  <testcase name="sameQtyMain" time="88.457" classname="ImportWidget.BOM_NullMPN"/>
  <system-out/>
</testsuite> <!-- ImportWidget.BOM_NullMPN -->
