<?xml version="1.0" encoding="UTF-8"?>
<!-- Generated by org.testng.reporters.JUnitReportReporter -->
<testsuite skipped="0" hostname="TGS68" name="ShopCQ.POHistory" tests="1" failures="0" timestamp="2021-07-21T11:56:57 IST" time="48.549" errors="0">
  <testcase name="poHistory" time="48.549" classname="ShopCQ.POHistory"/>
  <system-out/>
</testsuite> <!-- ShopCQ.POHistory -->
