<?xml version="1.0" encoding="UTF-8"?>
<!-- Generated by org.testng.reporters.JUnitReportReporter -->
<testsuite skipped="0" hostname="TGS68" name="BOMPhase1.ImportBOM" tests="1" failures="0" timestamp="2021-07-23T17:33:42 IST" time="211.527" errors="0">
  <testcase name="importMain" time="211.527" classname="BOMPhase1.ImportBOM"/>
  <system-out/>
</testsuite> <!-- BOMPhase1.ImportBOM -->
