<?xml version="1.0" encoding="UTF-8"?>
<!-- Generated by org.testng.reporters.JUnitReportReporter -->
<testsuite skipped="0" hostname="TGS68" name="ShopCQ.ShopCQ_UploadDemand" tests="1" failures="0" timestamp="2021-12-22T12:22:19 IST" time="72.921" errors="0">
  <testcase name="importMain" time="72.921" classname="ShopCQ.ShopCQ_UploadDemand"/>
  <system-out/>
</testsuite> <!-- ShopCQ.ShopCQ_UploadDemand -->
