<?xml version="1.0" encoding="UTF-8"?>
<!-- Generated by org.testng.reporters.JUnitReportReporter -->
<testsuite hostname="TGS109" failures="0" tests="1" name="QuoteCQ.QuoteCQ_AutoSelect" time="93.392" errors="0" timestamp="2022-04-25T15:46:49 IST" skipped="0">
  <testcase classname="QuoteCQ.QuoteCQ_AutoSelect" name="autoSelectmain" time="93.392"/>
  <system-out/>
</testsuite> <!-- QuoteCQ.QuoteCQ_AutoSelect -->
