<?xml version="1.0" encoding="UTF-8"?>
<!-- Generated by org.testng.reporters.JUnitReportReporter -->
<testsuite hostname="TGS109" failures="0" tests="1" name="QuoteCQ.QuoteCQ_CreateRFQ" time="108.698" errors="0" timestamp="2022-04-25T15:46:49 IST" skipped="0">
  <testcase classname="QuoteCQ.QuoteCQ_CreateRFQ" name="create" time="108.698"/>
  <system-out/>
</testsuite> <!-- QuoteCQ.QuoteCQ_CreateRFQ -->
