<?xml version="1.0" encoding="UTF-8"?>
<!-- Generated by org.testng.reporters.JUnitReportReporter -->
<testsuite hostname="TGS109" failures="0" tests="2" name="BOM.BOM_BOMOperations" time="296.589" errors="0" timestamp="2022-04-22T11:26:49 IST" skipped="0">
  <testcase classname="BOM.BOM_BOMOperations" name="copyBOM_MultiLevel" time="229.617"/>
  <system-out/>
  <testcase classname="BOM.BOM_BOMOperations" name="copyBOM_SingleLevel" time="66.972"/>
  <system-out/>
</testsuite> <!-- BOM.BOM_BOMOperations -->
