<?xml version="1.0" encoding="UTF-8"?>
<!-- Generated by org.testng.reporters.JUnitReportReporter -->
<testsuite hostname="TGS109" failures="0" tests="1" name="Login.Login" time="35.731" errors="0" timestamp="2022-04-06T12:01:48 IST" skipped="0">
  <testcase classname="Login.Login" name="frontLogin" time="35.731"/>
  <system-out/>
</testsuite> <!-- Login.Login -->
