<?xml version="1.0" encoding="UTF-8"?>
<!-- Generated by org.testng.reporters.JUnitReportReporter -->
<testsuite hostname="TGS109" failures="0" tests="1" name="SearchCQ.SearchCQ_Login" time="28.388" errors="0" timestamp="2022-04-06T12:35:25 IST" skipped="0">
  <testcase classname="SearchCQ.SearchCQ_Login" name="frontLogin" time="28.388"/>
  <system-out/>
</testsuite> <!-- SearchCQ.SearchCQ_Login -->
