<?xml version="1.0" encoding="UTF-8"?>
<!-- Generated by org.testng.reporters.JUnitReportReporter -->
<testsuite hostname="TGS109" failures="0" tests="1" name="QuoteCQ.QuoteCQ_ImportBOM" time="205.856" errors="0" timestamp="2022-04-25T15:46:49 IST" skipped="0">
  <testcase classname="QuoteCQ.QuoteCQ_ImportBOM" name="importMain" time="205.856"/>
  <system-out/>
</testsuite> <!-- QuoteCQ.QuoteCQ_ImportBOM -->
